0 info it worked if it ends with ok
1 verbose cli [ '/usr/local/bin/node',
1 verbose cli   '/usr/local/bin/npm',
1 verbose cli   'install',
1 verbose cli   'hexo-generator-sitemap',
1 verbose cli   '--save' ]
2 info using npm@3.10.10
3 info using node@v7.2.1
4 silly loadCurrentTree Starting
5 silly install loadCurrentTree
6 silly install readLocalPackageData
7 silly fetchPackageMetaData hexo-generator-sitemap
8 silly fetchNamedPackageData hexo-generator-sitemap
9 silly mapToRegistry name hexo-generator-sitemap
10 silly mapToRegistry using default registry
11 silly mapToRegistry registry http://registry.npm.corp.qunar.com/
12 silly mapToRegistry data Result {
12 silly mapToRegistry   raw: 'hexo-generator-sitemap',
12 silly mapToRegistry   scope: null,
12 silly mapToRegistry   escapedName: 'hexo-generator-sitemap',
12 silly mapToRegistry   name: 'hexo-generator-sitemap',
12 silly mapToRegistry   rawSpec: '',
12 silly mapToRegistry   spec: 'latest',
12 silly mapToRegistry   type: 'tag' }
13 silly mapToRegistry uri http://registry.npm.corp.qunar.com/hexo-generator-sitemap
14 verbose request uri http://registry.npm.corp.qunar.com/hexo-generator-sitemap
15 verbose request no auth needed
16 info attempt registry request try #1 at 23:41:23
17 verbose request id 6a02ec8531ae9425
18 http request GET http://registry.npm.corp.qunar.com/hexo-generator-sitemap
19 info retry will retry, error on last attempt: Error: connect ETIMEDOUT 10.88.132.126:80
20 info attempt registry request try #2 at 23:42:49
21 http request GET http://registry.npm.corp.qunar.com/hexo-generator-sitemap
22 info retry will retry, error on last attempt: Error: connect ETIMEDOUT 10.88.132.126:80
23 info attempt registry request try #3 at 23:45:04
24 http request GET http://registry.npm.corp.qunar.com/hexo-generator-sitemap
25 silly fetchPackageMetaData Error: connect ETIMEDOUT 10.88.132.125:80
25 silly fetchPackageMetaData     at Object.exports._errnoException (util.js:1022:11)
25 silly fetchPackageMetaData     at exports._exceptionWithHostPort (util.js:1045:20)
25 silly fetchPackageMetaData     at TCPConnectWrap.afterConnect [as oncomplete] (net.js:1090:14)
25 silly fetchPackageMetaData  error for hexo-generator-sitemap { Error: connect ETIMEDOUT 10.88.132.125:80
25 silly fetchPackageMetaData     at Object.exports._errnoException (util.js:1022:11)
25 silly fetchPackageMetaData     at exports._exceptionWithHostPort (util.js:1045:20)
25 silly fetchPackageMetaData     at TCPConnectWrap.afterConnect [as oncomplete] (net.js:1090:14)
25 silly fetchPackageMetaData   code: 'ETIMEDOUT',
25 silly fetchPackageMetaData   errno: 'ETIMEDOUT',
25 silly fetchPackageMetaData   syscall: 'connect',
25 silly fetchPackageMetaData   address: '10.88.132.125',
25 silly fetchPackageMetaData   port: 80 }
26 silly rollbackFailedOptional Starting
27 silly rollbackFailedOptional Finishing
28 silly runTopLevelLifecycles Finishing
29 silly install printInstalled
30 verbose stack Error: connect ETIMEDOUT 10.88.132.125:80
30 verbose stack     at Object.exports._errnoException (util.js:1022:11)
30 verbose stack     at exports._exceptionWithHostPort (util.js:1045:20)
30 verbose stack     at TCPConnectWrap.afterConnect [as oncomplete] (net.js:1090:14)
31 verbose cwd /Users/wuzhuo/code/github/gitblog
32 error Darwin 15.6.0
33 error argv "/usr/local/bin/node" "/usr/local/bin/npm" "install" "hexo-generator-sitemap" "--save"
34 error node v7.2.1
35 error npm  v3.10.10
36 error code ETIMEDOUT
37 error errno ETIMEDOUT
38 error syscall connect
39 error network connect ETIMEDOUT 10.88.132.125:80
40 error network This is most likely not a problem with npm itself
40 error network and is related to network connectivity.
40 error network In most cases you are behind a proxy or have bad network settings.
40 error network
40 error network If you are behind a proxy, please make sure that the
40 error network 'proxy' config is set properly.  See: 'npm help config'
41 verbose exit [ 1, true ]
